2026-07-22 21:14:13 | INFO | loader.py | Line:18 | Reading train_FD004.txt
2026-07-22 21:14:15 | INFO | loader.py | Line:21 | train_FD004.txt Loaded Successfully
2026-07-22 21:14:15 | INFO | loader.py | Line:18 | Reading test_FD004.txt
2026-07-22 21:14:15 | INFO | loader.py | Line:21 | test_FD004.txt Loaded Successfully
2026-07-22 21:14:15 | INFO | loader.py | Line:18 | Reading RUL_FD004.txt
2026-07-22 21:14:15 | INFO | loader.py | Line:21 | RUL_FD004.txt Loaded Successfully
2026-07-22 21:14:15 | INFO | validator.py | Line:40 | Validating training dataset...
2026-07-22 21:14:16 | INFO | validator.py | Line:50 | Validating testing dataset...
2026-07-22 21:14:16 | INFO | validator.py | Line:60 | Validating RUL dataset...
2026-07-22 21:14:16 | INFO | rul_generator.py | Line:82 | Generating Remaining Useful Life (RUL)...
2026-07-22 21:14:16 | INFO | rul_generator.py | Line:96 | RUL generated successfully.
2026-07-22 21:14:38 | INFO | loader.py | Line:18 | Reading train_FD004.txt
2026-07-22 21:14:39 | INFO | loader.py | Line:21 | train_FD004.txt Loaded Successfully
2026-07-22 21:14:39 | INFO | loader.py | Line:18 | Reading test_FD004.txt
2026-07-22 21:14:40 | INFO | loader.py | Line:21 | test_FD004.txt Loaded Successfully
2026-07-22 21:14:40 | INFO | loader.py | Line:18 | Reading RUL_FD004.txt
2026-07-22 21:14:40 | INFO | loader.py | Line:21 | RUL_FD004.txt Loaded Successfully
2026-07-22 21:14:40 | INFO | validator.py | Line:40 | Validating training dataset...
2026-07-22 21:14:40 | INFO | validator.py | Line:50 | Validating testing dataset...
2026-07-22 21:14:40 | INFO | validator.py | Line:60 | Validating RUL dataset...
2026-07-22 21:14:40 | INFO | rul_generator.py | Line:82 | Generating Remaining Useful Life (RUL)...
2026-07-22 21:14:40 | INFO | rul_generator.py | Line:96 | RUL generated successfully.
