2026-07-22 21:16:05 | INFO | loader.py | Line:18 | Reading train_FD004.txt
2026-07-22 21:16:07 | INFO | loader.py | Line:21 | train_FD004.txt Loaded Successfully
2026-07-22 21:16:07 | INFO | loader.py | Line:18 | Reading test_FD004.txt
2026-07-22 21:16:07 | INFO | loader.py | Line:21 | test_FD004.txt Loaded Successfully
2026-07-22 21:16:07 | INFO | loader.py | Line:18 | Reading RUL_FD004.txt
2026-07-22 21:16:07 | INFO | loader.py | Line:21 | RUL_FD004.txt Loaded Successfully
2026-07-22 21:16:21 | INFO | rul_generator.py | Line:82 | Generating Remaining Useful Life (RUL)...
2026-07-22 21:16:21 | INFO | rul_generator.py | Line:96 | RUL generated successfully.
2026-07-22 21:16:38 | INFO | rul_generator.py | Line:82 | Generating Remaining Useful Life (RUL)...
2026-07-22 21:16:38 | INFO | rul_generator.py | Line:92 | Applying RUL cap = 125
2026-07-22 21:16:38 | INFO | rul_generator.py | Line:96 | RUL generated successfully.
2026-07-22 21:19:21 | INFO | rul_generator.py | Line:82 | Generating Remaining Useful Life (RUL)...
2026-07-22 21:23:12 | INFO | loader.py | Line:18 | Reading train_FD004.txt
2026-07-22 21:23:14 | INFO | loader.py | Line:21 | train_FD004.txt Loaded Successfully
2026-07-22 21:23:14 | INFO | loader.py | Line:18 | Reading test_FD004.txt
2026-07-22 21:23:15 | INFO | loader.py | Line:21 | test_FD004.txt Loaded Successfully
2026-07-22 21:23:15 | INFO | loader.py | Line:18 | Reading RUL_FD004.txt
2026-07-22 21:23:15 | INFO | loader.py | Line:21 | RUL_FD004.txt Loaded Successfully
2026-07-22 21:24:53 | INFO | rul_generator.py | Line:82 | Generating Remaining Useful Life (RUL)...
2026-07-22 21:24:53 | INFO | rul_generator.py | Line:96 | RUL generated successfully.
2026-07-22 21:27:31 | INFO | rul_generator.py | Line:82 | Generating Remaining Useful Life (RUL)...
2026-07-22 21:27:31 | INFO | rul_generator.py | Line:92 | Applying RUL cap = 125
2026-07-22 21:27:31 | INFO | rul_generator.py | Line:96 | RUL generated successfully.
